<?xml version="1.0" encoding="UTF-8"?>
<!-- Generated by org.testng.reporters.JUnitReportReporter -->
<testsuite hostname="LAPTOP-310LT2KB" failures="0" tests="2" name="SignUpPage" time="6.792" errors="0" timestamp="2021-11-05T11:40:32 EDT" skipped="0">
  <testcase classname="SignUpPage" name="getTitle" time="2.598"/>
  <system-out/>
  <testcase classname="SignUpPage" name="getRegisterpage" time="4.194"/>
  <system-out/>
</testsuite> <!-- SignUpPage -->
