<?xml version="1.0" encoding="UTF-8"?>
<!-- Generated by org.testng.reporters.JUnitReportReporter -->
<testsuite hostname="LAPTOP-310LT2KB" failures="0" tests="4" name="UI.Login" time="0.005" errors="0" timestamp="2021-10-27T15:31:04 EDT" skipped="0">
  <testcase classname="UI.Login" name="logintest" time="0.001"/>
  <system-out/>
  <testcase classname="UI.Login" name="logintest" time="0.002"/>
  <system-out/>
  <testcase classname="UI.Login" name="logout" time="0.001"/>
  <system-out/>
  <testcase classname="UI.Login" name="logout" time="0.001"/>
  <system-out/>
</testsuite> <!-- UI.Login -->
