<?xml version="1.0" encoding="UTF-8"?>
<!-- Generated by org.testng.reporters.JUnitReportReporter -->
<testsuite hostname="LAPTOP-310LT2KB" failures="0" tests="2" name="ReportsTest" time="0.007" errors="0" timestamp="2021-10-29T14:31:58 EDT" skipped="0">
  <testcase classname="ReportsTest" name="ReporterTest2" time="0.001"/>
  <system-out/>
  <testcase classname="ReportsTest" name="ReporterTest1" time="0.006"/>
  <system-out/>
</testsuite> <!-- ReportsTest -->
