<?xml version="1.0" encoding="UTF-8"?>
<!-- Generated by org.testng.reporters.JUnitReportReporter -->
<testsuite hostname="LAPTOP-310LT2KB" failures="0" tests="2" name="UI.GroupDemoTest2" time="0.004" errors="0" timestamp="2021-10-28T11:53:42 EDT" skipped="0">
  <testcase classname="UI.GroupDemoTest2" name="logintest" time="0.003"/>
  <system-out/>
  <testcase classname="UI.GroupDemoTest2" name="logout" time="0.001"/>
  <system-out/>
</testsuite> <!-- UI.GroupDemoTest2 -->
