<?xml version="1.0" encoding="UTF-8"?>
<!-- Generated by org.testng.reporters.JUnitReportReporter -->
<testsuite hostname="LAPTOP-310LT2KB" failures="0" tests="3" name="UI.Skiptestcase" time="0.010" errors="0" timestamp="2021-10-27T16:50:50 EDT" skipped="2">
  <testcase classname="UI.Skiptestcase" name="skipTest2" time="0.009">
    <skipped/>
  </testcase> <!-- skipTest2 -->
  <system-out/>
  <testcase classname="UI.Skiptestcase" name="skipTest3" time="0.001"/>
  <system-out/>
  <testcase classname="UI.Skiptestcase" name="skipTest1">
    <skipped/>
  </testcase> <!-- skipTest1 -->
  <system-out/>
</testsuite> <!-- UI.Skiptestcase -->
