<?xml version="1.0" encoding="UTF-8"?>
<!-- Generated by org.testng.reporters.JUnitReportReporter -->
<testsuite hostname="LAPTOP-310LT2KB" failures="0" tests="1" name="UI.VerifyTitleTestanadText" time="5.753" errors="0" timestamp="2021-10-27T15:31:04 EDT" skipped="0">
  <testcase classname="UI.VerifyTitleTestanadText" name="titletest" time="5.753"/>
  <system-out/>
</testsuite> <!-- UI.VerifyTitleTestanadText -->
