<?xml version="1.0" encoding="UTF-8"?>
<!-- Generated by org.testng.reporters.JUnitReportReporter -->
<testsuite hostname="LAPTOP-310LT2KB" failures="0" tests="2" name="UI.ReportGenerator" time="0.008" errors="0" timestamp="2021-10-29T14:36:58 EDT" skipped="0">
  <testcase classname="UI.ReportGenerator" name="reporterTest2" time="0.000"/>
  <system-out/>
  <testcase classname="UI.ReportGenerator" name="reporterTest1" time="0.008"/>
  <system-out>
    <![CDATA[This is test 1]]>
  </system-out>
</testsuite> <!-- UI.ReportGenerator -->
