<?xml version="1.0" encoding="UTF-8"?>
<!-- Generated by org.testng.reporters.JUnitReportReporter -->
<testsuite hostname="LAPTOP-310LT2KB" failures="0" tests="1" name="UI.VerifyTitleTest" time="2.337" errors="0" timestamp="2021-10-27T15:31:04 EDT" skipped="0">
  <testcase classname="UI.VerifyTitleTest" name="titletest" time="2.337"/>
  <system-out/>
</testsuite> <!-- UI.VerifyTitleTest -->
