<?xml version="1.0" encoding="UTF-8"?>
<!-- Generated by org.testng.reporters.JUnitReportReporter -->
<testsuite hostname="LAPTOP-310LT2KB" failures="0" tests="4" name="UI.DataproviderDemo" time="15.569" errors="0" timestamp="2021-10-28T16:13:28 EDT" skipped="0">
  <testcase classname="UI.DataproviderDemo" name="test" time="1.230"/>
  <system-out/>
  <testcase classname="UI.DataproviderDemo" name="test" time="10.438"/>
  <system-out/>
  <testcase classname="UI.DataproviderDemo" name="test" time="1.272"/>
  <system-out/>
  <testcase classname="UI.DataproviderDemo" name="test" time="2.629"/>
  <system-out/>
</testsuite> <!-- UI.DataproviderDemo -->
